/*C2*/SET SCHEMA PUBLIC
DISCONNECT
/*C3*/SET SCHEMA PUBLIC
drop table if exists CLIENTS CASCADE 
drop table if exists PAYMENTSCHEDULE CASCADE 
/*C4*/SET SCHEMA PUBLIC
drop table if exists CLIENTS CASCADE 
drop table if exists PAYMENTSCHEDULE CASCADE 
create table CLIENTS (CLIENTID bigint generated by default as identity (start with 1), NAME varchar(255), PASSPORTID integer, PASSPORTSERIES integer, PATRONYMIC varchar(255), PHONE varchar(255), SURNAME varchar(255), credit_amount double, credit_term double, email varchar(255), entry_interest_rate double, primary key (CLIENTID))
/*C5*/SET SCHEMA PUBLIC
drop table if exists CLIENTS CASCADE 
drop table if exists PAYMENTSCHEDULE CASCADE 
create table CLIENTS (CLIENTID binary(255) not null, NAME varchar(255), PASSPORTID integer, PASSPORTSERIES integer, PATRONYMIC varchar(255), PHONE varchar(255), SURNAME varchar(255), credit_amount double, credit_term double, email varchar(255), entry_interest_rate double, primary key (CLIENTID))
create table PAYMENTSCHEDULE (paymentId binary(255) not null, date varchar(255), mainDebtFormat double, monthlyPaymentFormat double, number integer not null, percentFormat double, personId binary(255) not null, remainder double, clients_clientid binary(255), primary key (paymentId))
alter table PAYMENTSCHEDULE add constraint FKg7nlkj2b4snrq3vn91aokpx4x foreign key (clients_clientid) references CLIENTS
/*C3*/SET SCHEMA PUBLIC
DISCONNECT
/*C6*/SET SCHEMA PUBLIC
drop table if exists CLIENTS CASCADE 
drop table if exists PAYMENTSCHEDULE CASCADE 
drop sequence hibernate_sequence if exists
create sequence hibernate_sequence start with 1 increment by 1
create table CLIENTS (CLIENTID bit not null, NAME varchar(255), PASSPORTID integer, PASSPORTSERIES integer, PATRONYMIC varchar(255), PHONE varchar(255), SURNAME varchar(255), credit_amount double, credit_term double, email varchar(255), entry_interest_rate double, primary key (CLIENTID))
create table PAYMENTSCHEDULE (paymentId binary(255) not null, date varchar(255), mainDebtFormat double, monthlyPaymentFormat double, number integer not null, percentFormat double, personId binary(255) not null, remainder double, clients_clientid bit, primary key (paymentId))
alter table PAYMENTSCHEDULE add constraint FKg7nlkj2b4snrq3vn91aokpx4x foreign key (clients_clientid) references CLIENTS
